# JRE version: Java(TM) SE Runtime Environment (8.0_71-b15) (build 1.8.0_71-b15)
# Java VM: Java HotSpot(TM) 64-Bit Server VM (25.71-b15 mixed mode bsd-amd64 compressed oops)
Heap:
 PSYoungGen      total 38912K, used 34099K [0x0000000795580000, 0x0000000798a00000, 0x00000007c0000000)
  eden space 25088K, 96% used [0x0000000795580000,0x0000000796d24d68,0x0000000796e00000)
  from space 13824K, 71% used [0x0000000796e80000,0x0000000797828260,0x0000000797c00000)
  to   space 14336K, 0% used [0x0000000797c00000,0x0000000797c00000,0x0000000798a00000)
 ParOldGen       total 57856K, used 20241K [0x0000000740000000, 0x0000000743880000, 0x0000000795580000)
  object space 57856K, 34% used [0x0000000740000000,0x00000007413c4628,0x0000000743880000)
 Metaspace       used 21173K, capacity 21395K, committed 21552K, reserved 1069056K
  class space    used 2050K, capacity 2112K, committed 2176K, reserved 1048576K
GC Heap History (10 events):
Event: 41.716 GC heap before
{Heap before GC invocations=16 (full 1):
 PSYoungGen      total 38400K, used 34741K [0x0000000795580000, 0x0000000798600000, 0x00000007c0000000)
  eden space 28160K, 99% used [0x0000000795580000,0x00000007970cd268,0x0000000797100000)
  from space 10240K, 66% used [0x0000000797c00000,0x00000007982a01b0,0x0000000798600000)
  to   space 10752K, 0% used [0x0000000797100000,0x0000000797100000,0x0000000797b80000)
 ParOldGen       total 57856K, used 20225K [0x0000000740000000, 0x0000000743880000, 0x0000000795580000)
  object space 57856K, 34% used [0x0000000740000000,0x00000007413c0628,0x0000000743880000)
 Metaspace       used 21115K, capacity 21267K, committed 21552K, reserved 1069056K
  class space    used 2042K, capacity 2112K, committed 2176K, reserved 1048576K
Event: 41.719 GC heap after
Heap after GC invocations=16 (full 1):
 PSYoungGen      total 38400K, used 8096K [0x0000000795580000, 0x0000000798680000, 0x00000007c0000000)
  eden space 27648K, 0% used [0x0000000795580000,0x0000000795580000,0x0000000797080000)
  from space 10752K, 75% used [0x0000000797100000,0x00000007978e8220,0x0000000797b80000)
  to   space 11264K, 0% used [0x0000000797b80000,0x0000000797b80000,0x0000000798680000)
 ParOldGen       total 57856K, used 20233K [0x0000000740000000, 0x0000000743880000, 0x0000000795580000)
  object space 57856K, 34% used [0x0000000740000000,0x00000007413c2628,0x0000000743880000)
 Metaspace       used 21115K, capacity 21267K, committed 21552K, reserved 1069056K
  class space    used 2042K, capacity 2112K, committed 2176K, reserved 1048576K
}
Event: 44.268 GC heap before
{Heap before GC invocations=17 (full 1):
 PSYoungGen      total 38400K, used 35744K [0x0000000795580000, 0x0000000798680000, 0x00000007c0000000)
  eden space 27648K, 100% used [0x0000000795580000,0x0000000797080000,0x0000000797080000)
  from space 10752K, 75% used [0x0000000797100000,0x00000007978e8220,0x0000000797b80000)
  to   space 11264K, 0% used [0x0000000797b80000,0x0000000797b80000,0x0000000798680000)
 ParOldGen       total 57856K, used 20233K [0x0000000740000000, 0x0000000743880000, 0x0000000795580000)
  object space 57856K, 34% used [0x0000000740000000,0x00000007413c2628,0x0000000743880000)
 Metaspace       used 21133K, capacity 21331K, committed 21552K, reserved 1069056K
  class space    used 2042K, capacity 2112K, committed 2176K, reserved 1048576K
Event: 44.271 GC heap after
Heap after GC invocations=17 (full 1):
 PSYoungGen      total 37888K, used 10176K [0x0000000795580000, 0x0000000798800000, 0x00000007c0000000)
  eden space 26624K, 0% used [0x0000000795580000,0x0000000795580000,0x0000000796f80000)
  from space 11264K, 90% used [0x0000000797b80000,0x00000007985702a0,0x0000000798680000)
  to   space 12288K, 0% used [0x0000000796f80000,0x0000000796f80000,0x0000000797b80000)
 ParOldGen       total 57856K, used 20241K [0x0000000740000000, 0x0000000743880000, 0x0000000795580000)
  object space 57856K, 34% used [0x0000000740000000,0x00000007413c4628,0x0000000743880000)
 Metaspace       used 21133K, capacity 21331K, committed 21552K, reserved 1069056K
  class space    used 2042K, capacity 2112K, committed 2176K, reserved 1048576K
}
Event: 52.805 GC heap before
{Heap before GC invocations=18 (full 1):
 PSYoungGen      total 37888K, used 36800K [0x0000000795580000, 0x0000000798800000, 0x00000007c0000000)
  eden space 26624K, 100% used [0x0000000795580000,0x0000000796f80000,0x0000000796f80000)
  from space 11264K, 90% used [0x0000000797b80000,0x00000007985702a0,0x0000000798680000)
  to   space 12288K, 0% used [0x0000000796f80000,0x0000000796f80000,0x0000000797b80000)
 ParOldGen       total 57856K, used 20241K [0x0000000740000000, 0x0000000743880000, 0x0000000795580000)
  object space 57856K, 34% used [0x0000000740000000,0x00000007413c4628,0x0000000743880000)
 Metaspace       used 21137K, capacity 21331K, committed 21552K, reserved 1069056K
  class space    used 2042K, capacity 2112K, committed 2176K, reserved 1048576K
Event: 52.807 GC heap after
Heap after GC invocations=18 (full 1):
 PSYoungGen      total 38400K, used 9984K [0x0000000795580000, 0x0000000798900000, 0x00000007c0000000)
  eden space 26112K, 0% used [0x0000000795580000,0x0000000795580000,0x0000000796f00000)
  from space 12288K, 81% used [0x0000000796f80000,0x0000000797940280,0x0000000797b80000)
  to   space 13312K, 0% used [0x0000000797c00000,0x0000000797c00000,0x0000000798900000)
 ParOldGen       total 57856K, used 20241K [0x0000000740000000, 0x0000000743880000, 0x0000000795580000)
  object space 57856K, 34% used [0x0000000740000000,0x00000007413c4628,0x0000000743880000)
 Metaspace       used 21137K, capacity 21331K, committed 21552K, reserved 1069056K
  class space    used 2042K, capacity 2112K, committed 2176K, reserved 1048576K
}
Event: 61.592 GC heap before
{Heap before GC invocations=19 (full 1):
 PSYoungGen      total 38400K, used 36096K [0x0000000795580000, 0x0000000798900000, 0x00000007c0000000)
  eden space 26112K, 100% used [0x0000000795580000,0x0000000796f00000,0x0000000796f00000)
  from space 12288K, 81% used [0x0000000796f80000,0x0000000797940280,0x0000000797b80000)
  to   space 13312K, 0% used [0x0000000797c00000,0x0000000797c00000,0x0000000798900000)
 ParOldGen       total 57856K, used 20241K [0x0000000740000000, 0x0000000743880000, 0x0000000795580000)
  object space 57856K, 34% used [0x0000000740000000,0x00000007413c4628,0x0000000743880000)
 Metaspace       used 21137K, capacity 21331K, committed 21552K, reserved 1069056K
  class space    used 2042K, capacity 2112K, committed 2176K, reserved 1048576K
Event: 61.595 GC heap after
Heap after GC invocations=19 (full 1):
 PSYoungGen      total 38912K, used 9888K [0x0000000795580000, 0x0000000798980000, 0x00000007c0000000)
  eden space 25600K, 0% used [0x0000000795580000,0x0000000795580000,0x0000000796e80000)
  from space 13312K, 74% used [0x0000000797c00000,0x00000007985a8260,0x0000000798900000)
  to   space 13824K, 0% used [0x0000000796e80000,0x0000000796e80000,0x0000000797c00000)
 ParOldGen       total 57856K, used 20241K [0x0000000740000000, 0x0000000743880000, 0x0000000795580000)
  object space 57856K, 34% used [0x0000000740000000,0x00000007413c4628,0x0000000743880000)
 Metaspace       used 21137K, capacity 21331K, committed 21552K, reserved 1069056K
  class space    used 2042K, capacity 2112K, committed 2176K, reserved 1048576K
}
Event: 70.196 GC heap before
{Heap before GC invocations=20 (full 1):
 PSYoungGen      total 38912K, used 35488K [0x0000000795580000, 0x0000000798980000, 0x00000007c0000000)
  eden space 25600K, 100% used [0x0000000795580000,0x0000000796e80000,0x0000000796e80000)
  from space 13312K, 74% used [0x0000000797c00000,0x00000007985a8260,0x0000000798900000)
  to   space 13824K, 0% used [0x0000000796e80000,0x0000000796e80000,0x0000000797c00000)
 ParOldGen       total 57856K, used 20241K [0x0000000740000000, 0x0000000743880000, 0x0000000795580000)
  object space 57856K, 34% used [0x0000000740000000,0x00000007413c4628,0x0000000743880000)
 Metaspace       used 21137K, capacity 21331K, committed 21552K, reserved 1069056K
  class space    used 2042K, capacity 2112K, committed 2176K, reserved 1048576K
Event: 70.198 GC heap after
Heap after GC invocations=20 (full 1):
 PSYoungGen      total 38912K, used 9888K [0x0000000795580000, 0x0000000798a00000, 0x00000007c0000000)
  eden space 25088K, 0% used [0x0000000795580000,0x0000000795580000,0x0000000796e00000)
  from space 13824K, 71% used [0x0000000796e80000,0x0000000797828260,0x0000000797c00000)
  to   space 14336K, 0% used [0x0000000797c00000,0x0000000797c00000,0x0000000798a00000)
 ParOldGen       total 57856K, used 20241K [0x0000000740000000, 0x0000000743880000, 0x0000000795580000)
  object space 57856K, 34% used [0x0000000740000000,0x00000007413c4628,0x0000000743880000)
 Metaspace       used 21137K, capacity 21331K, committed 21552K, reserved 1069056K
  class space    used 2042K, capacity 2112K, committed 2176K, reserved 1048576K
}

