# JRE version: Java(TM) SE Runtime Environment (8.0_71-b15) (build 1.8.0_71-b15)
# Java VM: Java HotSpot(TM) 64-Bit Server VM (25.71-b15 mixed mode bsd-amd64 compressed oops)
Heap:
 PSYoungGen      total 34304K, used 27466K [0x0000000795580000, 0x0000000798b80000, 0x00000007c0000000)
  eden space 31744K, 79% used [0x0000000795580000,0x0000000796e12910,0x0000000797480000)
  from space 2560K, 90% used [0x0000000797500000,0x00000007977400a0,0x0000000797780000)
  to   space 11776K, 0% used [0x0000000798000000,0x0000000798000000,0x0000000798b80000)
 ParOldGen       total 54272K, used 14827K [0x0000000740000000, 0x0000000743500000, 0x0000000795580000)
  object space 54272K, 27% used [0x0000000740000000,0x0000000740e7acf0,0x0000000743500000)
 Metaspace       used 21020K, capacity 21211K, committed 21552K, reserved 1069056K
  class space    used 2046K, capacity 2112K, committed 2176K, reserved 1048576K
GC Heap History (10 events):
Event: 9.008 GC heap before
{Heap before GC invocations=4 (full 0):
 PSYoungGen      total 38400K, used 38381K [0x0000000795580000, 0x0000000798000000, 0x00000007c0000000)
  eden space 33280K, 100% used [0x0000000795580000,0x0000000797600000,0x0000000797600000)
  from space 5120K, 99% used [0x0000000797600000,0x0000000797afb460,0x0000000797b00000)
  to   space 5120K, 0% used [0x0000000797b00000,0x0000000797b00000,0x0000000798000000)
 ParOldGen       total 87552K, used 8137K [0x0000000740000000, 0x0000000745580000, 0x0000000795580000)
  object space 87552K, 9% used [0x0000000740000000,0x00000007407f25a0,0x0000000745580000)
 Metaspace       used 20765K, capacity 21019K, committed 21296K, reserved 1069056K
  class space    used 2038K, capacity 2112K, committed 2176K, reserved 1048576K
Event: 9.015 GC heap after
Heap after GC invocations=4 (full 0):
 PSYoungGen      total 38400K, used 5101K [0x0000000795580000, 0x0000000798000000, 0x00000007c0000000)
  eden space 33280K, 0% used [0x0000000795580000,0x0000000795580000,0x0000000797600000)
  from space 5120K, 99% used [0x0000000797b00000,0x0000000797ffb470,0x0000000798000000)
  to   space 5120K, 0% used [0x0000000797600000,0x0000000797600000,0x0000000797b00000)
 ParOldGen       total 87552K, used 8793K [0x0000000740000000, 0x0000000745580000, 0x0000000795580000)
  object space 87552K, 10% used [0x0000000740000000,0x00000007408964d0,0x0000000745580000)
 Metaspace       used 20765K, capacity 21019K, committed 21296K, reserved 1069056K
  class space    used 2038K, capacity 2112K, committed 2176K, reserved 1048576K
}
Event: 11.860 GC heap before
{Heap before GC invocations=5 (full 0):
 PSYoungGen      total 38400K, used 38381K [0x0000000795580000, 0x0000000798000000, 0x00000007c0000000)
  eden space 33280K, 100% used [0x0000000795580000,0x0000000797600000,0x0000000797600000)
  from space 5120K, 99% used [0x0000000797b00000,0x0000000797ffb470,0x0000000798000000)
  to   space 5120K, 0% used [0x0000000797600000,0x0000000797600000,0x0000000797b00000)
 ParOldGen       total 87552K, used 8793K [0x0000000740000000, 0x0000000745580000, 0x0000000795580000)
  object space 87552K, 10% used [0x0000000740000000,0x00000007408964d0,0x0000000745580000)
 Metaspace       used 20835K, capacity 21019K, committed 21296K, reserved 1069056K
  class space    used 2038K, capacity 2112K, committed 2176K, reserved 1048576K
Event: 11.867 GC heap after
Heap after GC invocations=5 (full 0):
 PSYoungGen      total 37888K, used 5117K [0x0000000795580000, 0x0000000798d80000, 0x00000007c0000000)
  eden space 32768K, 0% used [0x0000000795580000,0x0000000795580000,0x0000000797580000)
  from space 5120K, 99% used [0x0000000797600000,0x0000000797aff480,0x0000000797b00000)
  to   space 12288K, 0% used [0x0000000798180000,0x0000000798180000,0x0000000798d80000)
 ParOldGen       total 87552K, used 10217K [0x0000000740000000, 0x0000000745580000, 0x0000000795580000)
  object space 87552K, 11% used [0x0000000740000000,0x00000007409fa5c0,0x0000000745580000)
 Metaspace       used 20835K, capacity 21019K, committed 21296K, reserved 1069056K
  class space    used 2038K, capacity 2112K, committed 2176K, reserved 1048576K
}
Event: 13.361 GC heap before
{Heap before GC invocations=6 (full 0):
 PSYoungGen      total 37888K, used 22802K [0x0000000795580000, 0x0000000798d80000, 0x00000007c0000000)
  eden space 32768K, 53% used [0x0000000795580000,0x00000007966c5420,0x0000000797580000)
  from space 5120K, 99% used [0x0000000797600000,0x0000000797aff480,0x0000000797b00000)
  to   space 12288K, 0% used [0x0000000798180000,0x0000000798180000,0x0000000798d80000)
 ParOldGen       total 87552K, used 10217K [0x0000000740000000, 0x0000000745580000, 0x0000000795580000)
  object space 87552K, 11% used [0x0000000740000000,0x00000007409fa5c0,0x0000000745580000)
 Metaspace       used 20907K, capacity 21083K, committed 21296K, reserved 1069056K
  class space    used 2038K, capacity 2112K, committed 2176K, reserved 1048576K
Event: 13.370 GC heap after
Heap after GC invocations=6 (full 0):
 PSYoungGen      total 43008K, used 6029K [0x0000000795580000, 0x0000000798c00000, 0x00000007c0000000)
  eden space 32256K, 0% used [0x0000000795580000,0x0000000795580000,0x0000000797500000)
  from space 10752K, 56% used [0x0000000798180000,0x00000007987634c0,0x0000000798c00000)
  to   space 11776K, 0% used [0x0000000797500000,0x0000000797500000,0x0000000798080000)
 ParOldGen       total 87552K, used 10225K [0x0000000740000000, 0x0000000745580000, 0x0000000795580000)
  object space 87552K, 11% used [0x0000000740000000,0x00000007409fc5c0,0x0000000745580000)
 Metaspace       used 20907K, capacity 21083K, committed 21296K, reserved 1069056K
  class space    used 2038K, capacity 2112K, committed 2176K, reserved 1048576K
}
Event: 13.371 GC heap before
{Heap before GC invocations=7 (full 1):
 PSYoungGen      total 43008K, used 6029K [0x0000000795580000, 0x0000000798c00000, 0x00000007c0000000)
  eden space 32256K, 0% used [0x0000000795580000,0x0000000795580000,0x0000000797500000)
  from space 10752K, 56% used [0x0000000798180000,0x00000007987634c0,0x0000000798c00000)
  to   space 11776K, 0% used [0x0000000797500000,0x0000000797500000,0x0000000798080000)
 ParOldGen       total 87552K, used 10225K [0x0000000740000000, 0x0000000745580000, 0x0000000795580000)
  object space 87552K, 11% used [0x0000000740000000,0x00000007409fc5c0,0x0000000745580000)
 Metaspace       used 20907K, capacity 21083K, committed 21296K, reserved 1069056K
  class space    used 2038K, capacity 2112K, committed 2176K, reserved 1048576K
Event: 13.422 GC heap after
Heap after GC invocations=7 (full 1):
 PSYoungGen      total 43008K, used 0K [0x0000000795580000, 0x0000000798c00000, 0x00000007c0000000)
  eden space 32256K, 0% used [0x0000000795580000,0x0000000795580000,0x0000000797500000)
  from space 10752K, 0% used [0x0000000798180000,0x0000000798180000,0x0000000798c00000)
  to   space 11776K, 0% used [0x0000000797500000,0x0000000797500000,0x0000000798080000)
 ParOldGen       total 54272K, used 14819K [0x0000000740000000, 0x0000000743500000, 0x0000000795580000)
  object space 54272K, 27% used [0x0000000740000000,0x0000000740e78cf0,0x0000000743500000)
 Metaspace       used 20907K, capacity 21083K, committed 21296K, reserved 1069056K
  class space    used 2038K, capacity 2112K, committed 2176K, reserved 1048576K
}
Event: 16.499 GC heap before
{Heap before GC invocations=8 (full 1):
 PSYoungGen      total 43008K, used 32167K [0x0000000795580000, 0x0000000798c00000, 0x00000007c0000000)
  eden space 32256K, 99% used [0x0000000795580000,0x00000007974e9dc8,0x0000000797500000)
  from space 10752K, 0% used [0x0000000798180000,0x0000000798180000,0x0000000798c00000)
  to   space 11776K, 0% used [0x0000000797500000,0x0000000797500000,0x0000000798080000)
 ParOldGen       total 54272K, used 14819K [0x0000000740000000, 0x0000000743500000, 0x0000000795580000)
  object space 54272K, 27% used [0x0000000740000000,0x0000000740e78cf0,0x0000000743500000)
 Metaspace       used 20981K, capacity 21147K, committed 21552K, reserved 1069056K
  class space    used 2038K, capacity 2112K, committed 2176K, reserved 1048576K
Event: 16.500 GC heap after
Heap after GC invocations=8 (full 1):
 PSYoungGen      total 34304K, used 2304K [0x0000000795580000, 0x0000000798b80000, 0x00000007c0000000)
  eden space 31744K, 0% used [0x0000000795580000,0x0000000795580000,0x0000000797480000)
  from space 2560K, 90% used [0x0000000797500000,0x00000007977400a0,0x0000000797780000)
  to   space 11776K, 0% used [0x0000000798000000,0x0000000798000000,0x0000000798b80000)
 ParOldGen       total 54272K, used 14827K [0x0000000740000000, 0x0000000743500000, 0x0000000795580000)
  object space 54272K, 27% used [0x0000000740000000,0x0000000740e7acf0,0x0000000743500000)
 Metaspace       used 20981K, capacity 21147K, committed 21552K, reserved 1069056K
  class space    used 2038K, capacity 2112K, committed 2176K, reserved 1048576K
}

