# JRE version: Java(TM) SE Runtime Environment (8.0_71-b15) (build 1.8.0_71-b15)
# Java VM: Java HotSpot(TM) 64-Bit Server VM (25.71-b15 mixed mode bsd-amd64 compressed oops)
Heap:
 PSYoungGen      total 36352K, used 18415K [0x0000000795580000, 0x0000000798680000, 0x00000007c0000000)
  eden space 28672K, 39% used [0x0000000795580000,0x000000079606fd10,0x0000000797180000)
  from space 7680K, 93% used [0x0000000797200000,0x000000079790c200,0x0000000797980000)
  to   space 10752K, 0% used [0x0000000797c00000,0x0000000797c00000,0x0000000798680000)
 ParOldGen       total 56832K, used 17702K [0x0000000740000000, 0x0000000743780000, 0x0000000795580000)
  object space 56832K, 31% used [0x0000000740000000,0x0000000741149b08,0x0000000743780000)
 Metaspace       used 21116K, capacity 21339K, committed 21552K, reserved 1069056K
  class space    used 2047K, capacity 2112K, committed 2176K, reserved 1048576K
GC Heap History (10 events):
Event: 20.673 GC heap before
{Heap before GC invocations=10 (full 1):
 PSYoungGen      total 42496K, used 33024K [0x0000000795580000, 0x0000000798b00000, 0x00000007c0000000)
  eden space 31232K, 100% used [0x0000000795580000,0x0000000797400000,0x0000000797400000)
  from space 11264K, 15% used [0x0000000797f80000,0x0000000798140090,0x0000000798a80000)
  to   space 11776K, 0% used [0x0000000797400000,0x0000000797400000,0x0000000797f80000)
 ParOldGen       total 56832K, used 17686K [0x0000000740000000, 0x0000000743780000, 0x0000000795580000)
  object space 56832K, 31% used [0x0000000740000000,0x0000000741145b08,0x0000000743780000)
 Metaspace       used 21048K, capacity 21275K, committed 21552K, reserved 1069056K
  class space    used 2039K, capacity 2112K, committed 2176K, reserved 1048576K
Event: 20.674 GC heap after
Heap after GC invocations=10 (full 1):
 PSYoungGen      total 33792K, used 2928K [0x0000000795580000, 0x0000000798a80000, 0x00000007c0000000)
  eden space 30720K, 0% used [0x0000000795580000,0x0000000795580000,0x0000000797380000)
  from space 3072K, 95% used [0x0000000797400000,0x00000007976dc0e0,0x0000000797700000)
  to   space 11776K, 0% used [0x0000000797f00000,0x0000000797f00000,0x0000000798a80000)
 ParOldGen       total 56832K, used 17694K [0x0000000740000000, 0x0000000743780000, 0x0000000795580000)
  object space 56832K, 31% used [0x0000000740000000,0x0000000741147b08,0x0000000743780000)
 Metaspace       used 21048K, capacity 21275K, committed 21552K, reserved 1069056K
  class space    used 2039K, capacity 2112K, committed 2176K, reserved 1048576K
}
Event: 22.824 GC heap before
{Heap before GC invocations=11 (full 1):
 PSYoungGen      total 33792K, used 33648K [0x0000000795580000, 0x0000000798a80000, 0x00000007c0000000)
  eden space 30720K, 100% used [0x0000000795580000,0x0000000797380000,0x0000000797380000)
  from space 3072K, 95% used [0x0000000797400000,0x00000007976dc0e0,0x0000000797700000)
  to   space 11776K, 0% used [0x0000000797f00000,0x0000000797f00000,0x0000000798a80000)
 ParOldGen       total 56832K, used 17694K [0x0000000740000000, 0x0000000743780000, 0x0000000795580000)
  object space 56832K, 31% used [0x0000000740000000,0x0000000741147b08,0x0000000743780000)
 Metaspace       used 21051K, capacity 21275K, committed 21552K, reserved 1069056K
  class space    used 2039K, capacity 2112K, committed 2176K, reserved 1048576K
Event: 22.825 GC heap after
Heap after GC invocations=11 (full 1):
 PSYoungGen      total 41472K, used 3488K [0x0000000795580000, 0x0000000798a00000, 0x00000007c0000000)
  eden space 30208K, 0% used [0x0000000795580000,0x0000000795580000,0x0000000797300000)
  from space 11264K, 30% used [0x0000000797f00000,0x0000000798268100,0x0000000798a00000)
  to   space 11776K, 0% used [0x0000000797300000,0x0000000797300000,0x0000000797e80000)
 ParOldGen       total 56832K, used 17694K [0x0000000740000000, 0x0000000743780000, 0x0000000795580000)
  object space 56832K, 31% used [0x0000000740000000,0x0000000741147b08,0x0000000743780000)
 Metaspace       used 21051K, capacity 21275K, committed 21552K, reserved 1069056K
  class space    used 2039K, capacity 2112K, committed 2176K, reserved 1048576K
}
Event: 24.790 GC heap before
{Heap before GC invocations=12 (full 1):
 PSYoungGen      total 41472K, used 33628K [0x0000000795580000, 0x0000000798a00000, 0x00000007c0000000)
  eden space 30208K, 99% used [0x0000000795580000,0x00000007972ef010,0x0000000797300000)
  from space 11264K, 30% used [0x0000000797f00000,0x0000000798268100,0x0000000798a00000)
  to   space 11776K, 0% used [0x0000000797300000,0x0000000797300000,0x0000000797e80000)
 ParOldGen       total 56832K, used 17694K [0x0000000740000000, 0x0000000743780000, 0x0000000795580000)
  object space 56832K, 31% used [0x0000000740000000,0x0000000741147b08,0x0000000743780000)
 Metaspace       used 21057K, capacity 21275K, committed 21552K, reserved 1069056K
  class space    used 2039K, capacity 2112K, committed 2176K, reserved 1048576K
Event: 24.791 GC heap after
Heap after GC invocations=12 (full 1):
 PSYoungGen      total 34816K, used 5008K [0x0000000795580000, 0x0000000798880000, 0x00000007c0000000)
  eden space 29696K, 0% used [0x0000000795580000,0x0000000795580000,0x0000000797280000)
  from space 5120K, 97% used [0x0000000797300000,0x00000007977e4160,0x0000000797800000)
  to   space 11264K, 0% used [0x0000000797d80000,0x0000000797d80000,0x0000000798880000)
 ParOldGen       total 56832K, used 17694K [0x0000000740000000, 0x0000000743780000, 0x0000000795580000)
  object space 56832K, 31% used [0x0000000740000000,0x0000000741147b08,0x0000000743780000)
 Metaspace       used 21057K, capacity 21275K, committed 21552K, reserved 1069056K
  class space    used 2039K, capacity 2112K, committed 2176K, reserved 1048576K
}
Event: 26.792 GC heap before
{Heap before GC invocations=13 (full 1):
 PSYoungGen      total 34816K, used 34704K [0x0000000795580000, 0x0000000798880000, 0x00000007c0000000)
  eden space 29696K, 100% used [0x0000000795580000,0x0000000797280000,0x0000000797280000)
  from space 5120K, 97% used [0x0000000797300000,0x00000007977e4160,0x0000000797800000)
  to   space 11264K, 0% used [0x0000000797d80000,0x0000000797d80000,0x0000000798880000)
 ParOldGen       total 56832K, used 17694K [0x0000000740000000, 0x0000000743780000, 0x0000000795580000)
  object space 56832K, 31% used [0x0000000740000000,0x0000000741147b08,0x0000000743780000)
 Metaspace       used 21068K, capacity 21275K, committed 21552K, reserved 1069056K
  class space    used 2039K, capacity 2112K, committed 2176K, reserved 1048576K
Event: 26.794 GC heap after
Heap after GC invocations=13 (full 1):
 PSYoungGen      total 38912K, used 6064K [0x0000000795580000, 0x0000000798700000, 0x00000007c0000000)
  eden space 29184K, 0% used [0x0000000795580000,0x0000000795580000,0x0000000797200000)
  from space 9728K, 62% used [0x0000000797d80000,0x000000079836c1a0,0x0000000798700000)
  to   space 10752K, 0% used [0x0000000797200000,0x0000000797200000,0x0000000797c80000)
 ParOldGen       total 56832K, used 17702K [0x0000000740000000, 0x0000000743780000, 0x0000000795580000)
  object space 56832K, 31% used [0x0000000740000000,0x0000000741149b08,0x0000000743780000)
 Metaspace       used 21068K, capacity 21275K, committed 21552K, reserved 1069056K
  class space    used 2039K, capacity 2112K, committed 2176K, reserved 1048576K
}
Event: 30.194 GC heap before
{Heap before GC invocations=14 (full 1):
 PSYoungGen      total 38912K, used 35248K [0x0000000795580000, 0x0000000798700000, 0x00000007c0000000)
  eden space 29184K, 100% used [0x0000000795580000,0x0000000797200000,0x0000000797200000)
  from space 9728K, 62% used [0x0000000797d80000,0x000000079836c1a0,0x0000000798700000)
  to   space 10752K, 0% used [0x0000000797200000,0x0000000797200000,0x0000000797c80000)
 ParOldGen       total 56832K, used 17702K [0x0000000740000000, 0x0000000743780000, 0x0000000795580000)
  object space 56832K, 31% used [0x0000000740000000,0x0000000741149b08,0x0000000743780000)
 Metaspace       used 21077K, capacity 21339K, committed 21552K, reserved 1069056K
  class space    used 2039K, capacity 2112K, committed 2176K, reserved 1048576K
Event: 30.196 GC heap after
Heap after GC invocations=14 (full 1):
 PSYoungGen      total 36352K, used 7216K [0x0000000795580000, 0x0000000798680000, 0x00000007c0000000)
  eden space 28672K, 0% used [0x0000000795580000,0x0000000795580000,0x0000000797180000)
  from space 7680K, 93% used [0x0000000797200000,0x000000079790c200,0x0000000797980000)
  to   space 10752K, 0% used [0x0000000797c00000,0x0000000797c00000,0x0000000798680000)
 ParOldGen       total 56832K, used 17702K [0x0000000740000000, 0x0000000743780000, 0x0000000795580000)
  object space 56832K, 31% used [0x0000000740000000,0x0000000741149b08,0x0000000743780000)
 Metaspace       used 21077K, capacity 21339K, committed 21552K, reserved 1069056K
  class space    used 2039K, capacity 2112K, committed 2176K, reserved 1048576K
}

