# JRE version: Java(TM) SE Runtime Environment (8.0_71-b15) (build 1.8.0_71-b15)
# Java VM: Java HotSpot(TM) 64-Bit Server VM (25.71-b15 mixed mode bsd-amd64 compressed oops)
Heap:
 PSYoungGen      total 43008K, used 17896K [0x0000000795580000, 0x0000000798c80000, 0x00000007c0000000)
  eden space 31744K, 53% used [0x0000000795580000,0x000000079661a098,0x0000000797480000)
  from space 11264K, 7% used [0x0000000797500000,0x00000007975e0030,0x0000000798000000)
  to   space 12288K, 0% used [0x0000000798080000,0x0000000798080000,0x0000000798c80000)
 ParOldGen       total 55808K, used 16521K [0x0000000740000000, 0x0000000743680000, 0x0000000795580000)
  object space 55808K, 29% used [0x0000000740000000,0x00000007410227f8,0x0000000743680000)
 Metaspace       used 21186K, capacity 21343K, committed 21552K, reserved 1069056K
  class space    used 2053K, capacity 2112K, committed 2176K, reserved 1048576K
GC Heap History (10 events):
Event: 11.186 GC heap before
{Heap before GC invocations=4 (full 0):
 PSYoungGen      total 38400K, used 38381K [0x0000000795580000, 0x0000000798000000, 0x00000007c0000000)
  eden space 33280K, 100% used [0x0000000795580000,0x0000000797600000,0x0000000797600000)
  from space 5120K, 99% used [0x0000000797600000,0x0000000797afb440,0x0000000797b00000)
  to   space 5120K, 0% used [0x0000000797b00000,0x0000000797b00000,0x0000000798000000)
 ParOldGen       total 87552K, used 9323K [0x0000000740000000, 0x0000000745580000, 0x0000000795580000)
  object space 87552K, 10% used [0x0000000740000000,0x000000074091afa8,0x0000000745580000)
 Metaspace       used 20700K, capacity 20959K, committed 21120K, reserved 1069056K
  class space    used 2044K, capacity 2112K, committed 2176K, reserved 1048576K
Event: 11.194 GC heap after
Heap after GC invocations=4 (full 0):
 PSYoungGen      total 38400K, used 4864K [0x0000000795580000, 0x0000000798000000, 0x00000007c0000000)
  eden space 33280K, 0% used [0x0000000795580000,0x0000000795580000,0x0000000797600000)
  from space 5120K, 95% used [0x0000000797b00000,0x0000000797fc0100,0x0000000798000000)
  to   space 5120K, 0% used [0x0000000797600000,0x0000000797600000,0x0000000797b00000)
 ParOldGen       total 87552K, used 11792K [0x0000000740000000, 0x0000000745580000, 0x0000000795580000)
  object space 87552K, 13% used [0x0000000740000000,0x0000000740b84378,0x0000000745580000)
 Metaspace       used 20700K, capacity 20959K, committed 21120K, reserved 1069056K
  class space    used 2044K, capacity 2112K, committed 2176K, reserved 1048576K
}
Event: 13.118 GC heap before
{Heap before GC invocations=5 (full 0):
 PSYoungGen      total 38400K, used 38144K [0x0000000795580000, 0x0000000798000000, 0x00000007c0000000)
  eden space 33280K, 100% used [0x0000000795580000,0x0000000797600000,0x0000000797600000)
  from space 5120K, 95% used [0x0000000797b00000,0x0000000797fc0100,0x0000000798000000)
  to   space 5120K, 0% used [0x0000000797600000,0x0000000797600000,0x0000000797b00000)
 ParOldGen       total 87552K, used 11792K [0x0000000740000000, 0x0000000745580000, 0x0000000795580000)
  object space 87552K, 13% used [0x0000000740000000,0x0000000740b84378,0x0000000745580000)
 Metaspace       used 20885K, capacity 21087K, committed 21296K, reserved 1069056K
  class space    used 2044K, capacity 2112K, committed 2176K, reserved 1048576K
Event: 13.127 GC heap after
Heap after GC invocations=5 (full 0):
 PSYoungGen      total 37888K, used 5104K [0x0000000795580000, 0x0000000798c80000, 0x00000007c0000000)
  eden space 32768K, 0% used [0x0000000795580000,0x0000000795580000,0x0000000797580000)
  from space 5120K, 99% used [0x0000000797600000,0x0000000797afc0f0,0x0000000797b00000)
  to   space 11776K, 0% used [0x0000000798100000,0x0000000798100000,0x0000000798c80000)
 ParOldGen       total 87552K, used 12536K [0x0000000740000000, 0x0000000745580000, 0x0000000795580000)
  object space 87552K, 14% used [0x0000000740000000,0x0000000740c3e2c8,0x0000000745580000)
 Metaspace       used 20885K, capacity 21087K, committed 21296K, reserved 1069056K
  class space    used 2044K, capacity 2112K, committed 2176K, reserved 1048576K
}
Event: 14.482 GC heap before
{Heap before GC invocations=6 (full 0):
 PSYoungGen      total 37888K, used 19006K [0x0000000795580000, 0x0000000798c80000, 0x00000007c0000000)
  eden space 32768K, 42% used [0x0000000795580000,0x0000000796313750,0x0000000797580000)
  from space 5120K, 99% used [0x0000000797600000,0x0000000797afc0f0,0x0000000797b00000)
  to   space 11776K, 0% used [0x0000000798100000,0x0000000798100000,0x0000000798c80000)
 ParOldGen       total 87552K, used 12536K [0x0000000740000000, 0x0000000745580000, 0x0000000795580000)
  object space 87552K, 14% used [0x0000000740000000,0x0000000740c3e2c8,0x0000000745580000)
 Metaspace       used 20908K, capacity 21087K, committed 21296K, reserved 1069056K
  class space    used 2045K, capacity 2112K, committed 2176K, reserved 1048576K
Event: 14.489 GC heap after
Heap after GC invocations=6 (full 0):
 PSYoungGen      total 42496K, used 5568K [0x0000000795580000, 0x0000000798b00000, 0x00000007c0000000)
  eden space 32256K, 0% used [0x0000000795580000,0x0000000795580000,0x0000000797500000)
  from space 10240K, 54% used [0x0000000798100000,0x0000000798670130,0x0000000798b00000)
  to   space 11264K, 0% used [0x0000000797500000,0x0000000797500000,0x0000000798000000)
 ParOldGen       total 87552K, used 12544K [0x0000000740000000, 0x0000000745580000, 0x0000000795580000)
  object space 87552K, 14% used [0x0000000740000000,0x0000000740c402c8,0x0000000745580000)
 Metaspace       used 20908K, capacity 21087K, committed 21296K, reserved 1069056K
  class space    used 2045K, capacity 2112K, committed 2176K, reserved 1048576K
}
Event: 14.489 GC heap before
{Heap before GC invocations=7 (full 1):
 PSYoungGen      total 42496K, used 5568K [0x0000000795580000, 0x0000000798b00000, 0x00000007c0000000)
  eden space 32256K, 0% used [0x0000000795580000,0x0000000795580000,0x0000000797500000)
  from space 10240K, 54% used [0x0000000798100000,0x0000000798670130,0x0000000798b00000)
  to   space 11264K, 0% used [0x0000000797500000,0x0000000797500000,0x0000000798000000)
 ParOldGen       total 87552K, used 12544K [0x0000000740000000, 0x0000000745580000, 0x0000000795580000)
  object space 87552K, 14% used [0x0000000740000000,0x0000000740c402c8,0x0000000745580000)
 Metaspace       used 20908K, capacity 21087K, committed 21296K, reserved 1069056K
  class space    used 2045K, capacity 2112K, committed 2176K, reserved 1048576K
Event: 14.544 GC heap after
Heap after GC invocations=7 (full 1):
 PSYoungGen      total 42496K, used 0K [0x0000000795580000, 0x0000000798b00000, 0x00000007c0000000)
  eden space 32256K, 0% used [0x0000000795580000,0x0000000795580000,0x0000000797500000)
  from space 10240K, 0% used [0x0000000798100000,0x0000000798100000,0x0000000798b00000)
  to   space 11264K, 0% used [0x0000000797500000,0x0000000797500000,0x0000000798000000)
 ParOldGen       total 55808K, used 16513K [0x0000000740000000, 0x0000000743680000, 0x0000000795580000)
  object space 55808K, 29% used [0x0000000740000000,0x00000007410207f8,0x0000000743680000)
 Metaspace       used 20908K, capacity 21087K, committed 21296K, reserved 1069056K
  class space    used 2045K, capacity 2112K, committed 2176K, reserved 1048576K
}
Event: 18.735 GC heap before
{Heap before GC invocations=8 (full 1):
 PSYoungGen      total 42496K, used 32256K [0x0000000795580000, 0x0000000798b00000, 0x00000007c0000000)
  eden space 32256K, 100% used [0x0000000795580000,0x0000000797500000,0x0000000797500000)
  from space 10240K, 0% used [0x0000000798100000,0x0000000798100000,0x0000000798b00000)
  to   space 11264K, 0% used [0x0000000797500000,0x0000000797500000,0x0000000798000000)
 ParOldGen       total 55808K, used 16513K [0x0000000740000000, 0x0000000743680000, 0x0000000795580000)
  object space 55808K, 29% used [0x0000000740000000,0x00000007410207f8,0x0000000743680000)
 Metaspace       used 21109K, capacity 21343K, committed 21552K, reserved 1069056K
  class space    used 2045K, capacity 2112K, committed 2176K, reserved 1048576K
Event: 18.736 GC heap after
Heap after GC invocations=8 (full 1):
 PSYoungGen      total 43008K, used 896K [0x0000000795580000, 0x0000000798c80000, 0x00000007c0000000)
  eden space 31744K, 0% used [0x0000000795580000,0x0000000795580000,0x0000000797480000)
  from space 11264K, 7% used [0x0000000797500000,0x00000007975e0030,0x0000000798000000)
  to   space 12288K, 0% used [0x0000000798080000,0x0000000798080000,0x0000000798c80000)
 ParOldGen       total 55808K, used 16521K [0x0000000740000000, 0x0000000743680000, 0x0000000795580000)
  object space 55808K, 29% used [0x0000000740000000,0x00000007410227f8,0x0000000743680000)
 Metaspace       used 21109K, capacity 21343K, committed 21552K, reserved 1069056K
  class space    used 2045K, capacity 2112K, committed 2176K, reserved 1048576K
}

