# JRE version: Java(TM) SE Runtime Environment (8.0_71-b15) (build 1.8.0_71-b15)
# Java VM: Java HotSpot(TM) 64-Bit Server VM (25.71-b15 mixed mode bsd-amd64 compressed oops)
Heap:
 PSYoungGen      total 24576K, used 12211K [0x0000000795580000, 0x0000000796e80000, 0x00000007c0000000)
  eden space 24064K, 50% used [0x0000000795580000,0x0000000796144d48,0x0000000796d00000)
  from space 512K, 31% used [0x0000000796d80000,0x0000000796da8000,0x0000000796e00000)
  to   space 512K, 0% used [0x0000000796e00000,0x0000000796e00000,0x0000000796e80000)
 ParOldGen       total 52736K, used 16482K [0x0000000740000000, 0x0000000743380000, 0x0000000795580000)
  object space 52736K, 31% used [0x0000000740000000,0x0000000741018bc0,0x0000000743380000)
 Metaspace       used 21187K, capacity 21335K, committed 21552K, reserved 1069056K
  class space    used 2052K, capacity 2112K, committed 2176K, reserved 1048576K
GC Heap History (10 events):
Event: 214.884 GC heap before
{Heap before GC invocations=70 (full 1):
 PSYoungGen      total 24576K, used 24160K [0x0000000795580000, 0x0000000796e80000, 0x00000007c0000000)
  eden space 24064K, 100% used [0x0000000795580000,0x0000000796d00000,0x0000000796d00000)
  from space 512K, 18% used [0x0000000796e00000,0x0000000796e18000,0x0000000796e80000)
  to   space 512K, 0% used [0x0000000796d80000,0x0000000796d80000,0x0000000796e00000)
 ParOldGen       total 52736K, used 16482K [0x0000000740000000, 0x0000000743380000, 0x0000000795580000)
  object space 52736K, 31% used [0x0000000740000000,0x0000000741018bc0,0x0000000743380000)
 Metaspace       used 21151K, capacity 21335K, committed 21552K, reserved 1069056K
  class space    used 2045K, capacity 2112K, committed 2176K, reserved 1048576K
Event: 214.885 GC heap after
Heap after GC invocations=70 (full 1):
 PSYoungGen      total 24576K, used 96K [0x0000000795580000, 0x0000000796e80000, 0x00000007c0000000)
  eden space 24064K, 0% used [0x0000000795580000,0x0000000795580000,0x0000000796d00000)
  from space 512K, 18% used [0x0000000796d80000,0x0000000796d98000,0x0000000796e00000)
  to   space 512K, 0% used [0x0000000796e00000,0x0000000796e00000,0x0000000796e80000)
 ParOldGen       total 52736K, used 16482K [0x0000000740000000, 0x0000000743380000, 0x0000000795580000)
  object space 52736K, 31% used [0x0000000740000000,0x0000000741018bc0,0x0000000743380000)
 Metaspace       used 21151K, capacity 21335K, committed 21552K, reserved 1069056K
  class space    used 2045K, capacity 2112K, committed 2176K, reserved 1048576K
}
Event: 217.758 GC heap before
{Heap before GC invocations=71 (full 1):
 PSYoungGen      total 24576K, used 24160K [0x0000000795580000, 0x0000000796e80000, 0x00000007c0000000)
  eden space 24064K, 100% used [0x0000000795580000,0x0000000796d00000,0x0000000796d00000)
  from space 512K, 18% used [0x0000000796d80000,0x0000000796d98000,0x0000000796e00000)
  to   space 512K, 0% used [0x0000000796e00000,0x0000000796e00000,0x0000000796e80000)
 ParOldGen       total 52736K, used 16482K [0x0000000740000000, 0x0000000743380000, 0x0000000795580000)
  object space 52736K, 31% used [0x0000000740000000,0x0000000741018bc0,0x0000000743380000)
 Metaspace       used 21151K, capacity 21335K, committed 21552K, reserved 1069056K
  class space    used 2045K, capacity 2112K, committed 2176K, reserved 1048576K
Event: 217.759 GC heap after
Heap after GC invocations=71 (full 1):
 PSYoungGen      total 24576K, used 96K [0x0000000795580000, 0x0000000796e80000, 0x00000007c0000000)
  eden space 24064K, 0% used [0x0000000795580000,0x0000000795580000,0x0000000796d00000)
  from space 512K, 18% used [0x0000000796e00000,0x0000000796e18000,0x0000000796e80000)
  to   space 512K, 0% used [0x0000000796d80000,0x0000000796d80000,0x0000000796e00000)
 ParOldGen       total 52736K, used 16482K [0x0000000740000000, 0x0000000743380000, 0x0000000795580000)
  object space 52736K, 31% used [0x0000000740000000,0x0000000741018bc0,0x0000000743380000)
 Metaspace       used 21151K, capacity 21335K, committed 21552K, reserved 1069056K
  class space    used 2045K, capacity 2112K, committed 2176K, reserved 1048576K
}
Event: 220.776 GC heap before
{Heap before GC invocations=72 (full 1):
 PSYoungGen      total 24576K, used 24160K [0x0000000795580000, 0x0000000796e80000, 0x00000007c0000000)
  eden space 24064K, 100% used [0x0000000795580000,0x0000000796d00000,0x0000000796d00000)
  from space 512K, 18% used [0x0000000796e00000,0x0000000796e18000,0x0000000796e80000)
  to   space 512K, 0% used [0x0000000796d80000,0x0000000796d80000,0x0000000796e00000)
 ParOldGen       total 52736K, used 16482K [0x0000000740000000, 0x0000000743380000, 0x0000000795580000)
  object space 52736K, 31% used [0x0000000740000000,0x0000000741018bc0,0x0000000743380000)
 Metaspace       used 21151K, capacity 21335K, committed 21552K, reserved 1069056K
  class space    used 2045K, capacity 2112K, committed 2176K, reserved 1048576K
Event: 220.778 GC heap after
Heap after GC invocations=72 (full 1):
 PSYoungGen      total 24576K, used 96K [0x0000000795580000, 0x0000000796e80000, 0x00000007c0000000)
  eden space 24064K, 0% used [0x0000000795580000,0x0000000795580000,0x0000000796d00000)
  from space 512K, 18% used [0x0000000796d80000,0x0000000796d98000,0x0000000796e00000)
  to   space 512K, 0% used [0x0000000796e00000,0x0000000796e00000,0x0000000796e80000)
 ParOldGen       total 52736K, used 16482K [0x0000000740000000, 0x0000000743380000, 0x0000000795580000)
  object space 52736K, 31% used [0x0000000740000000,0x0000000741018bc0,0x0000000743380000)
 Metaspace       used 21151K, capacity 21335K, committed 21552K, reserved 1069056K
  class space    used 2045K, capacity 2112K, committed 2176K, reserved 1048576K
}
Event: 223.572 GC heap before
{Heap before GC invocations=73 (full 1):
 PSYoungGen      total 24576K, used 24160K [0x0000000795580000, 0x0000000796e80000, 0x00000007c0000000)
  eden space 24064K, 100% used [0x0000000795580000,0x0000000796d00000,0x0000000796d00000)
  from space 512K, 18% used [0x0000000796d80000,0x0000000796d98000,0x0000000796e00000)
  to   space 512K, 0% used [0x0000000796e00000,0x0000000796e00000,0x0000000796e80000)
 ParOldGen       total 52736K, used 16482K [0x0000000740000000, 0x0000000743380000, 0x0000000795580000)
  object space 52736K, 31% used [0x0000000740000000,0x0000000741018bc0,0x0000000743380000)
 Metaspace       used 21152K, capacity 21335K, committed 21552K, reserved 1069056K
  class space    used 2045K, capacity 2112K, committed 2176K, reserved 1048576K
Event: 223.573 GC heap after
Heap after GC invocations=73 (full 1):
 PSYoungGen      total 24576K, used 96K [0x0000000795580000, 0x0000000796e80000, 0x00000007c0000000)
  eden space 24064K, 0% used [0x0000000795580000,0x0000000795580000,0x0000000796d00000)
  from space 512K, 18% used [0x0000000796e00000,0x0000000796e18000,0x0000000796e80000)
  to   space 512K, 0% used [0x0000000796d80000,0x0000000796d80000,0x0000000796e00000)
 ParOldGen       total 52736K, used 16482K [0x0000000740000000, 0x0000000743380000, 0x0000000795580000)
  object space 52736K, 31% used [0x0000000740000000,0x0000000741018bc0,0x0000000743380000)
 Metaspace       used 21152K, capacity 21335K, committed 21552K, reserved 1069056K
  class space    used 2045K, capacity 2112K, committed 2176K, reserved 1048576K
}
Event: 226.453 GC heap before
{Heap before GC invocations=74 (full 1):
 PSYoungGen      total 24576K, used 24160K [0x0000000795580000, 0x0000000796e80000, 0x00000007c0000000)
  eden space 24064K, 100% used [0x0000000795580000,0x0000000796d00000,0x0000000796d00000)
  from space 512K, 18% used [0x0000000796e00000,0x0000000796e18000,0x0000000796e80000)
  to   space 512K, 0% used [0x0000000796d80000,0x0000000796d80000,0x0000000796e00000)
 ParOldGen       total 52736K, used 16482K [0x0000000740000000, 0x0000000743380000, 0x0000000795580000)
  object space 52736K, 31% used [0x0000000740000000,0x0000000741018bc0,0x0000000743380000)
 Metaspace       used 21152K, capacity 21335K, committed 21552K, reserved 1069056K
  class space    used 2045K, capacity 2112K, committed 2176K, reserved 1048576K
Event: 226.454 GC heap after
Heap after GC invocations=74 (full 1):
 PSYoungGen      total 24576K, used 160K [0x0000000795580000, 0x0000000796e80000, 0x00000007c0000000)
  eden space 24064K, 0% used [0x0000000795580000,0x0000000795580000,0x0000000796d00000)
  from space 512K, 31% used [0x0000000796d80000,0x0000000796da8000,0x0000000796e00000)
  to   space 512K, 0% used [0x0000000796e00000,0x0000000796e00000,0x0000000796e80000)
 ParOldGen       total 52736K, used 16482K [0x0000000740000000, 0x0000000743380000, 0x0000000795580000)
  object space 52736K, 31% used [0x0000000740000000,0x0000000741018bc0,0x0000000743380000)
 Metaspace       used 21152K, capacity 21335K, committed 21552K, reserved 1069056K
  class space    used 2045K, capacity 2112K, committed 2176K, reserved 1048576K
}

