# JRE version: Java(TM) SE Runtime Environment (8.0_71-b15) (build 1.8.0_71-b15)
# Java VM: Java HotSpot(TM) 64-Bit Server VM (25.71-b15 mixed mode bsd-amd64 compressed oops)
Heap:
 PSYoungGen      total 29184K, used 24583K [0x0000000795580000, 0x0000000797800000, 0x00000007c0000000)
  eden space 24064K, 92% used [0x0000000795580000,0x0000000796b49bc8,0x0000000796d00000)
  from space 5120K, 44% used [0x0000000796d00000,0x0000000796f380a0,0x0000000797200000)
  to   space 5632K, 0% used [0x0000000797280000,0x0000000797280000,0x0000000797800000)
 ParOldGen       total 52736K, used 18433K [0x0000000740000000, 0x0000000743380000, 0x0000000795580000)
  object space 52736K, 34% used [0x0000000740000000,0x0000000741200460,0x0000000743380000)
 Metaspace       used 21183K, capacity 21399K, committed 21552K, reserved 1069056K
  class space    used 2049K, capacity 2112K, committed 2176K, reserved 1048576K
GC Heap History (10 events):
Event: 101.077 GC heap before
{Heap before GC invocations=28 (full 1):
 PSYoungGen      total 31232K, used 24192K [0x0000000795580000, 0x0000000797b00000, 0x00000007c0000000)
  eden space 24064K, 100% used [0x0000000795580000,0x0000000796d00000,0x0000000796d00000)
  from space 7168K, 1% used [0x0000000797400000,0x0000000797420000,0x0000000797b00000)
  to   space 7168K, 0% used [0x0000000796d00000,0x0000000796d00000,0x0000000797400000)
 ParOldGen       total 52736K, used 16184K [0x0000000740000000, 0x0000000743380000, 0x0000000795580000)
  object space 52736K, 30% used [0x0000000740000000,0x0000000740fce250,0x0000000743380000)
 Metaspace       used 21113K, capacity 21335K, committed 21552K, reserved 1069056K
  class space    used 2041K, capacity 2112K, committed 2176K, reserved 1048576K
Event: 101.078 GC heap after
Heap after GC invocations=28 (full 1):
 PSYoungGen      total 24576K, used 128K [0x0000000795580000, 0x0000000797a00000, 0x00000007c0000000)
  eden space 24064K, 0% used [0x0000000795580000,0x0000000795580000,0x0000000796d00000)
  from space 512K, 25% used [0x0000000796d00000,0x0000000796d20000,0x0000000796d80000)
  to   space 6656K, 0% used [0x0000000797380000,0x0000000797380000,0x0000000797a00000)
 ParOldGen       total 52736K, used 16232K [0x0000000740000000, 0x0000000743380000, 0x0000000795580000)
  object space 52736K, 30% used [0x0000000740000000,0x0000000740fda250,0x0000000743380000)
 Metaspace       used 21113K, capacity 21335K, committed 21552K, reserved 1069056K
  class space    used 2041K, capacity 2112K, committed 2176K, reserved 1048576K
}
Event: 103.111 GC heap before
{Heap before GC invocations=29 (full 1):
 PSYoungGen      total 24576K, used 24192K [0x0000000795580000, 0x0000000797a00000, 0x00000007c0000000)
  eden space 24064K, 100% used [0x0000000795580000,0x0000000796d00000,0x0000000796d00000)
  from space 512K, 25% used [0x0000000796d00000,0x0000000796d20000,0x0000000796d80000)
  to   space 6656K, 0% used [0x0000000797380000,0x0000000797380000,0x0000000797a00000)
 ParOldGen       total 52736K, used 16232K [0x0000000740000000, 0x0000000743380000, 0x0000000795580000)
  object space 52736K, 30% used [0x0000000740000000,0x0000000740fda250,0x0000000743380000)
 Metaspace       used 21125K, capacity 21335K, committed 21552K, reserved 1069056K
  class space    used 2041K, capacity 2112K, committed 2176K, reserved 1048576K
Event: 103.112 GC heap after
Heap after GC invocations=29 (full 1):
 PSYoungGen      total 29696K, used 1264K [0x0000000795580000, 0x0000000797900000, 0x00000007c0000000)
  eden space 24064K, 0% used [0x0000000795580000,0x0000000795580000,0x0000000796d00000)
  from space 5632K, 22% used [0x0000000797380000,0x00000007974bc070,0x0000000797900000)
  to   space 6144K, 0% used [0x0000000796d00000,0x0000000796d00000,0x0000000797300000)
 ParOldGen       total 52736K, used 16256K [0x0000000740000000, 0x0000000743380000, 0x0000000795580000)
  object space 52736K, 30% used [0x0000000740000000,0x0000000740fe0250,0x0000000743380000)
 Metaspace       used 21125K, capacity 21335K, committed 21552K, reserved 1069056K
  class space    used 2041K, capacity 2112K, committed 2176K, reserved 1048576K
}
Event: 104.463 GC heap before
{Heap before GC invocations=30 (full 1):
 PSYoungGen      total 29696K, used 25328K [0x0000000795580000, 0x0000000797900000, 0x00000007c0000000)
  eden space 24064K, 100% used [0x0000000795580000,0x0000000796d00000,0x0000000796d00000)
  from space 5632K, 22% used [0x0000000797380000,0x00000007974bc070,0x0000000797900000)
  to   space 6144K, 0% used [0x0000000796d00000,0x0000000796d00000,0x0000000797300000)
 ParOldGen       total 52736K, used 16256K [0x0000000740000000, 0x0000000743380000, 0x0000000795580000)
  object space 52736K, 30% used [0x0000000740000000,0x0000000740fe0250,0x0000000743380000)
 Metaspace       used 21132K, capacity 21335K, committed 21552K, reserved 1069056K
  class space    used 2041K, capacity 2112K, committed 2176K, reserved 1048576K
Event: 104.465 GC heap after
Heap after GC invocations=30 (full 1):
 PSYoungGen      total 25088K, used 704K [0x0000000795580000, 0x0000000797800000, 0x00000007c0000000)
  eden space 24064K, 0% used [0x0000000795580000,0x0000000795580000,0x0000000796d00000)
  from space 1024K, 68% used [0x0000000796d00000,0x0000000796db0040,0x0000000796e00000)
  to   space 5632K, 0% used [0x0000000797280000,0x0000000797280000,0x0000000797800000)
 ParOldGen       total 52736K, used 17224K [0x0000000740000000, 0x0000000743380000, 0x0000000795580000)
  object space 52736K, 32% used [0x0000000740000000,0x00000007410d2370,0x0000000743380000)
 Metaspace       used 21132K, capacity 21335K, committed 21552K, reserved 1069056K
  class space    used 2041K, capacity 2112K, committed 2176K, reserved 1048576K
}
Event: 105.923 GC heap before
{Heap before GC invocations=31 (full 1):
 PSYoungGen      total 25088K, used 24768K [0x0000000795580000, 0x0000000797800000, 0x00000007c0000000)
  eden space 24064K, 100% used [0x0000000795580000,0x0000000796d00000,0x0000000796d00000)
  from space 1024K, 68% used [0x0000000796d00000,0x0000000796db0040,0x0000000796e00000)
  to   space 5632K, 0% used [0x0000000797280000,0x0000000797280000,0x0000000797800000)
 ParOldGen       total 52736K, used 17224K [0x0000000740000000, 0x0000000743380000, 0x0000000795580000)
  object space 52736K, 32% used [0x0000000740000000,0x00000007410d2370,0x0000000743380000)
 Metaspace       used 21134K, capacity 21335K, committed 21552K, reserved 1069056K
  class space    used 2041K, capacity 2112K, committed 2176K, reserved 1048576K
Event: 105.924 GC heap after
Heap after GC invocations=31 (full 1):
 PSYoungGen      total 28672K, used 1232K [0x0000000795580000, 0x0000000797700000, 0x00000007c0000000)
  eden space 24064K, 0% used [0x0000000795580000,0x0000000795580000,0x0000000796d00000)
  from space 4608K, 26% used [0x0000000797280000,0x00000007973b4070,0x0000000797700000)
  to   space 5120K, 0% used [0x0000000796d00000,0x0000000796d00000,0x0000000797200000)
 ParOldGen       total 52736K, used 17792K [0x0000000740000000, 0x0000000743380000, 0x0000000795580000)
  object space 52736K, 33% used [0x0000000740000000,0x00000007411603b0,0x0000000743380000)
 Metaspace       used 21134K, capacity 21335K, committed 21552K, reserved 1069056K
  class space    used 2041K, capacity 2112K, committed 2176K, reserved 1048576K
}
Event: 107.213 GC heap before
{Heap before GC invocations=32 (full 1):
 PSYoungGen      total 28672K, used 25296K [0x0000000795580000, 0x0000000797700000, 0x00000007c0000000)
  eden space 24064K, 100% used [0x0000000795580000,0x0000000796d00000,0x0000000796d00000)
  from space 4608K, 26% used [0x0000000797280000,0x00000007973b4070,0x0000000797700000)
  to   space 5120K, 0% used [0x0000000796d00000,0x0000000796d00000,0x0000000797200000)
 ParOldGen       total 52736K, used 17792K [0x0000000740000000, 0x0000000743380000, 0x0000000795580000)
  object space 52736K, 33% used [0x0000000740000000,0x00000007411603b0,0x0000000743380000)
 Metaspace       used 21144K, capacity 21335K, committed 21552K, reserved 1069056K
  class space    used 2041K, capacity 2112K, committed 2176K, reserved 1048576K
Event: 107.215 GC heap after
Heap after GC invocations=32 (full 1):
 PSYoungGen      total 29184K, used 2272K [0x0000000795580000, 0x0000000797800000, 0x00000007c0000000)
  eden space 24064K, 0% used [0x0000000795580000,0x0000000795580000,0x0000000796d00000)
  from space 5120K, 44% used [0x0000000796d00000,0x0000000796f380a0,0x0000000797200000)
  to   space 5632K, 0% used [0x0000000797280000,0x0000000797280000,0x0000000797800000)
 ParOldGen       total 52736K, used 18433K [0x0000000740000000, 0x0000000743380000, 0x0000000795580000)
  object space 52736K, 34% used [0x0000000740000000,0x0000000741200460,0x0000000743380000)
 Metaspace       used 21144K, capacity 21335K, committed 21552K, reserved 1069056K
  class space    used 2041K, capacity 2112K, committed 2176K, reserved 1048576K
}

