# JRE version: Java(TM) SE Runtime Environment (8.0_71-b15) (build 1.8.0_71-b15)
# Java VM: Java HotSpot(TM) 64-Bit Server VM (25.71-b15 mixed mode bsd-amd64 compressed oops)
Heap:
 PSYoungGen      total 42496K, used 26528K [0x0000000795580000, 0x0000000798d00000, 0x00000007c0000000)
  eden space 30720K, 85% used [0x0000000795580000,0x0000000796f10220,0x0000000797380000)
  from space 11776K, 2% used [0x0000000798000000,0x0000000798058010,0x0000000798b80000)
  to   space 12800K, 0% used [0x0000000797380000,0x0000000797380000,0x0000000798000000)
 ParOldGen       total 56832K, used 17091K [0x0000000740000000, 0x0000000743780000, 0x0000000795580000)
  object space 56832K, 30% used [0x0000000740000000,0x00000007410b0e30,0x0000000743780000)
 Metaspace       used 21055K, capacity 21271K, committed 21552K, reserved 1069056K
  class space    used 2046K, capacity 2112K, committed 2176K, reserved 1048576K
GC Heap History (10 events):
Event: 10.235 GC heap before
{Heap before GC invocations=5 (full 0):
 PSYoungGen      total 38400K, used 38381K [0x0000000795580000, 0x0000000798000000, 0x00000007c0000000)
  eden space 33280K, 100% used [0x0000000795580000,0x0000000797600000,0x0000000797600000)
  from space 5120K, 99% used [0x0000000797b00000,0x0000000797ffb4b0,0x0000000798000000)
  to   space 5120K, 0% used [0x0000000797600000,0x0000000797600000,0x0000000797b00000)
 ParOldGen       total 87552K, used 10688K [0x0000000740000000, 0x0000000745580000, 0x0000000795580000)
  object space 87552K, 12% used [0x0000000740000000,0x0000000740a70250,0x0000000745580000)
 Metaspace       used 20758K, capacity 20951K, committed 21120K, reserved 1069056K
  class space    used 2032K, capacity 2112K, committed 2176K, reserved 1048576K
Event: 10.246 GC heap after
Heap after GC invocations=5 (full 0):
 PSYoungGen      total 37888K, used 5101K [0x0000000795580000, 0x0000000798c80000, 0x00000007c0000000)
  eden space 32768K, 0% used [0x0000000795580000,0x0000000795580000,0x0000000797580000)
  from space 5120K, 99% used [0x0000000797600000,0x0000000797afb4c0,0x0000000797b00000)
  to   space 11776K, 0% used [0x0000000798100000,0x0000000798100000,0x0000000798c80000)
 ParOldGen       total 87552K, used 12634K [0x0000000740000000, 0x0000000745580000, 0x0000000795580000)
  object space 87552K, 14% used [0x0000000740000000,0x0000000740c56b60,0x0000000745580000)
 Metaspace       used 20758K, capacity 20951K, committed 21120K, reserved 1069056K
  class space    used 2032K, capacity 2112K, committed 2176K, reserved 1048576K
}
Event: 13.052 GC heap before
{Heap before GC invocations=6 (full 0):
 PSYoungGen      total 37888K, used 37869K [0x0000000795580000, 0x0000000798c80000, 0x00000007c0000000)
  eden space 32768K, 100% used [0x0000000795580000,0x0000000797580000,0x0000000797580000)
  from space 5120K, 99% used [0x0000000797600000,0x0000000797afb4c0,0x0000000797b00000)
  to   space 11776K, 0% used [0x0000000798100000,0x0000000798100000,0x0000000798c80000)
 ParOldGen       total 87552K, used 12634K [0x0000000740000000, 0x0000000745580000, 0x0000000795580000)
  object space 87552K, 14% used [0x0000000740000000,0x0000000740c56b60,0x0000000745580000)
 Metaspace       used 20913K, capacity 21079K, committed 21296K, reserved 1069056K
  class space    used 2036K, capacity 2112K, committed 2176K, reserved 1048576K
Event: 13.061 GC heap after
Heap after GC invocations=6 (full 0):
 PSYoungGen      total 42496K, used 6493K [0x0000000795580000, 0x0000000798b00000, 0x00000007c0000000)
  eden space 32256K, 0% used [0x0000000795580000,0x0000000795580000,0x0000000797500000)
  from space 10240K, 63% used [0x0000000798100000,0x0000000798757520,0x0000000798b00000)
  to   space 11264K, 0% used [0x0000000797500000,0x0000000797500000,0x0000000798000000)
 ParOldGen       total 87552K, used 12642K [0x0000000740000000, 0x0000000745580000, 0x0000000795580000)
  object space 87552K, 14% used [0x0000000740000000,0x0000000740c58b60,0x0000000745580000)
 Metaspace       used 20913K, capacity 21079K, committed 21296K, reserved 1069056K
  class space    used 2036K, capacity 2112K, committed 2176K, reserved 1048576K
}
Event: 15.514 GC heap before
{Heap before GC invocations=7 (full 0):
 PSYoungGen      total 42496K, used 26994K [0x0000000795580000, 0x0000000798b00000, 0x00000007c0000000)
  eden space 32256K, 63% used [0x0000000795580000,0x00000007969855d8,0x0000000797500000)
  from space 10240K, 63% used [0x0000000798100000,0x0000000798757520,0x0000000798b00000)
  to   space 11264K, 0% used [0x0000000797500000,0x0000000797500000,0x0000000798000000)
 ParOldGen       total 87552K, used 12642K [0x0000000740000000, 0x0000000745580000, 0x0000000795580000)
  object space 87552K, 14% used [0x0000000740000000,0x0000000740c58b60,0x0000000745580000)
 Metaspace       used 20996K, capacity 21143K, committed 21296K, reserved 1069056K
  class space    used 2037K, capacity 2112K, committed 2176K, reserved 1048576K
Event: 15.523 GC heap after
Heap after GC invocations=7 (full 0):
 PSYoungGen      total 43008K, used 2768K [0x0000000795580000, 0x0000000798b80000, 0x00000007c0000000)
  eden space 31744K, 0% used [0x0000000795580000,0x0000000795580000,0x0000000797480000)
  from space 11264K, 24% used [0x0000000797500000,0x00000007977b4120,0x0000000798000000)
  to   space 11776K, 0% used [0x0000000798000000,0x0000000798000000,0x0000000798b80000)
 ParOldGen       total 87552K, used 16443K [0x0000000740000000, 0x0000000745580000, 0x0000000795580000)
  object space 87552K, 18% used [0x0000000740000000,0x000000074100ef18,0x0000000745580000)
 Metaspace       used 20996K, capacity 21143K, committed 21296K, reserved 1069056K
  class space    used 2037K, capacity 2112K, committed 2176K, reserved 1048576K
}
Event: 15.523 GC heap before
{Heap before GC invocations=8 (full 1):
 PSYoungGen      total 43008K, used 2768K [0x0000000795580000, 0x0000000798b80000, 0x00000007c0000000)
  eden space 31744K, 0% used [0x0000000795580000,0x0000000795580000,0x0000000797480000)
  from space 11264K, 24% used [0x0000000797500000,0x00000007977b4120,0x0000000798000000)
  to   space 11776K, 0% used [0x0000000798000000,0x0000000798000000,0x0000000798b80000)
 ParOldGen       total 87552K, used 16443K [0x0000000740000000, 0x0000000745580000, 0x0000000795580000)
  object space 87552K, 18% used [0x0000000740000000,0x000000074100ef18,0x0000000745580000)
 Metaspace       used 20996K, capacity 21143K, committed 21296K, reserved 1069056K
  class space    used 2037K, capacity 2112K, committed 2176K, reserved 1048576K
Event: 15.584 GC heap after
Heap after GC invocations=8 (full 1):
 PSYoungGen      total 43008K, used 0K [0x0000000795580000, 0x0000000798b80000, 0x00000007c0000000)
  eden space 31744K, 0% used [0x0000000795580000,0x0000000795580000,0x0000000797480000)
  from space 11264K, 0% used [0x0000000797500000,0x0000000797500000,0x0000000798000000)
  to   space 11776K, 0% used [0x0000000798000000,0x0000000798000000,0x0000000798b80000)
 ParOldGen       total 56832K, used 17091K [0x0000000740000000, 0x0000000743780000, 0x0000000795580000)
  object space 56832K, 30% used [0x0000000740000000,0x00000007410b0e30,0x0000000743780000)
 Metaspace       used 20996K, capacity 21143K, committed 21296K, reserved 1069056K
  class space    used 2037K, capacity 2112K, committed 2176K, reserved 1048576K
}
Event: 19.856 GC heap before
{Heap before GC invocations=9 (full 1):
 PSYoungGen      total 43008K, used 31744K [0x0000000795580000, 0x0000000798b80000, 0x00000007c0000000)
  eden space 31744K, 100% used [0x0000000795580000,0x0000000797480000,0x0000000797480000)
  from space 11264K, 0% used [0x0000000797500000,0x0000000797500000,0x0000000798000000)
  to   space 11776K, 0% used [0x0000000798000000,0x0000000798000000,0x0000000798b80000)
 ParOldGen       total 56832K, used 17091K [0x0000000740000000, 0x0000000743780000, 0x0000000795580000)
  object space 56832K, 30% used [0x0000000740000000,0x00000007410b0e30,0x0000000743780000)
 Metaspace       used 21010K, capacity 21207K, committed 21552K, reserved 1069056K
  class space    used 2037K, capacity 2112K, committed 2176K, reserved 1048576K
Event: 19.857 GC heap after
Heap after GC invocations=9 (full 1):
 PSYoungGen      total 42496K, used 352K [0x0000000795580000, 0x0000000798d00000, 0x00000007c0000000)
  eden space 30720K, 0% used [0x0000000795580000,0x0000000795580000,0x0000000797380000)
  from space 11776K, 2% used [0x0000000798000000,0x0000000798058010,0x0000000798b80000)
  to   space 12800K, 0% used [0x0000000797380000,0x0000000797380000,0x0000000798000000)
 ParOldGen       total 56832K, used 17091K [0x0000000740000000, 0x0000000743780000, 0x0000000795580000)
  object space 56832K, 30% used [0x0000000740000000,0x00000007410b0e30,0x0000000743780000)
 Metaspace       used 21010K, capacity 21207K, committed 21552K, reserved 1069056K
  class space    used 2037K, capacity 2112K, committed 2176K, reserved 1048576K
}

