# JRE version: Java(TM) SE Runtime Environment (8.0_71-b15) (build 1.8.0_71-b15)
# Java VM: Java HotSpot(TM) 64-Bit Server VM (25.71-b15 mixed mode bsd-amd64 compressed oops)
Heap:
 PSYoungGen      total 43520K, used 27952K [0x0000000795580000, 0x0000000798c80000, 0x00000007c0000000)
  eden space 31744K, 87% used [0x0000000795580000,0x00000007970a4338,0x0000000797480000)
  from space 11776K, 1% used [0x0000000797500000,0x0000000797528000,0x0000000798080000)
  to   space 12288K, 0% used [0x0000000798080000,0x0000000798080000,0x0000000798c80000)
 ParOldGen       total 55808K, used 16522K [0x0000000740000000, 0x0000000743680000, 0x0000000795580000)
  object space 55808K, 29% used [0x0000000740000000,0x0000000741022938,0x0000000743680000)
 Metaspace       used 21182K, capacity 21343K, committed 21552K, reserved 1069056K
  class space    used 2049K, capacity 2112K, committed 2176K, reserved 1048576K
GC Heap History (10 events):
Event: 9.353 GC heap before
{Heap before GC invocations=4 (full 0):
 PSYoungGen      total 38400K, used 38397K [0x0000000795580000, 0x0000000798000000, 0x00000007c0000000)
  eden space 33280K, 100% used [0x0000000795580000,0x0000000797600000,0x0000000797600000)
  from space 5120K, 99% used [0x0000000797600000,0x0000000797aff4b0,0x0000000797b00000)
  to   space 5120K, 0% used [0x0000000797b00000,0x0000000797b00000,0x0000000798000000)
 ParOldGen       total 87552K, used 9404K [0x0000000740000000, 0x0000000745580000, 0x0000000795580000)
  object space 87552K, 10% used [0x0000000740000000,0x000000074092f198,0x0000000745580000)
 Metaspace       used 20706K, capacity 20959K, committed 21120K, reserved 1069056K
  class space    used 2040K, capacity 2112K, committed 2176K, reserved 1048576K
Event: 9.360 GC heap after
Heap after GC invocations=4 (full 0):
 PSYoungGen      total 38400K, used 5117K [0x0000000795580000, 0x0000000798000000, 0x00000007c0000000)
  eden space 33280K, 0% used [0x0000000795580000,0x0000000795580000,0x0000000797600000)
  from space 5120K, 99% used [0x0000000797b00000,0x0000000797fff440,0x0000000798000000)
  to   space 5120K, 0% used [0x0000000797600000,0x0000000797600000,0x0000000797b00000)
 ParOldGen       total 87552K, used 11416K [0x0000000740000000, 0x0000000745580000, 0x0000000795580000)
  object space 87552K, 13% used [0x0000000740000000,0x0000000740b26398,0x0000000745580000)
 Metaspace       used 20706K, capacity 20959K, committed 21120K, reserved 1069056K
  class space    used 2040K, capacity 2112K, committed 2176K, reserved 1048576K
}
Event: 11.471 GC heap before
{Heap before GC invocations=5 (full 0):
 PSYoungGen      total 38400K, used 38397K [0x0000000795580000, 0x0000000798000000, 0x00000007c0000000)
  eden space 33280K, 100% used [0x0000000795580000,0x0000000797600000,0x0000000797600000)
  from space 5120K, 99% used [0x0000000797b00000,0x0000000797fff440,0x0000000798000000)
  to   space 5120K, 0% used [0x0000000797600000,0x0000000797600000,0x0000000797b00000)
 ParOldGen       total 87552K, used 11416K [0x0000000740000000, 0x0000000745580000, 0x0000000795580000)
  object space 87552K, 13% used [0x0000000740000000,0x0000000740b26398,0x0000000745580000)
 Metaspace       used 20877K, capacity 21087K, committed 21296K, reserved 1069056K
  class space    used 2040K, capacity 2112K, committed 2176K, reserved 1048576K
Event: 11.480 GC heap after
Heap after GC invocations=5 (full 0):
 PSYoungGen      total 37888K, used 5117K [0x0000000795580000, 0x0000000798b80000, 0x00000007c0000000)
  eden space 32768K, 0% used [0x0000000795580000,0x0000000795580000,0x0000000797580000)
  from space 5120K, 99% used [0x0000000797600000,0x0000000797aff440,0x0000000797b00000)
  to   space 11264K, 0% used [0x0000000798080000,0x0000000798080000,0x0000000798b80000)
 ParOldGen       total 87552K, used 12947K [0x0000000740000000, 0x0000000745580000, 0x0000000795580000)
  object space 87552K, 14% used [0x0000000740000000,0x0000000740ca4db0,0x0000000745580000)
 Metaspace       used 20877K, capacity 21087K, committed 21296K, reserved 1069056K
  class space    used 2040K, capacity 2112K, committed 2176K, reserved 1048576K
}
Event: 12.404 GC heap before
{Heap before GC invocations=6 (full 0):
 PSYoungGen      total 37888K, used 15125K [0x0000000795580000, 0x0000000798b80000, 0x00000007c0000000)
  eden space 32768K, 30% used [0x0000000795580000,0x0000000795f46180,0x0000000797580000)
  from space 5120K, 99% used [0x0000000797600000,0x0000000797aff440,0x0000000797b00000)
  to   space 11264K, 0% used [0x0000000798080000,0x0000000798080000,0x0000000798b80000)
 ParOldGen       total 87552K, used 12947K [0x0000000740000000, 0x0000000745580000, 0x0000000795580000)
  object space 87552K, 14% used [0x0000000740000000,0x0000000740ca4db0,0x0000000745580000)
 Metaspace       used 20895K, capacity 21087K, committed 21296K, reserved 1069056K
  class space    used 2040K, capacity 2112K, committed 2176K, reserved 1048576K
Event: 12.413 GC heap after
Heap after GC invocations=6 (full 0):
 PSYoungGen      total 43520K, used 5133K [0x0000000795580000, 0x0000000798c00000, 0x00000007c0000000)
  eden space 32256K, 0% used [0x0000000795580000,0x0000000795580000,0x0000000797500000)
  from space 11264K, 45% used [0x0000000798080000,0x0000000798583430,0x0000000798b80000)
  to   space 11776K, 0% used [0x0000000797500000,0x0000000797500000,0x0000000798080000)
 ParOldGen       total 87552K, used 12955K [0x0000000740000000, 0x0000000745580000, 0x0000000795580000)
  object space 87552K, 14% used [0x0000000740000000,0x0000000740ca6db0,0x0000000745580000)
 Metaspace       used 20895K, capacity 21087K, committed 21296K, reserved 1069056K
  class space    used 2040K, capacity 2112K, committed 2176K, reserved 1048576K
}
Event: 12.413 GC heap before
{Heap before GC invocations=7 (full 1):
 PSYoungGen      total 43520K, used 5133K [0x0000000795580000, 0x0000000798c00000, 0x00000007c0000000)
  eden space 32256K, 0% used [0x0000000795580000,0x0000000795580000,0x0000000797500000)
  from space 11264K, 45% used [0x0000000798080000,0x0000000798583430,0x0000000798b80000)
  to   space 11776K, 0% used [0x0000000797500000,0x0000000797500000,0x0000000798080000)
 ParOldGen       total 87552K, used 12955K [0x0000000740000000, 0x0000000745580000, 0x0000000795580000)
  object space 87552K, 14% used [0x0000000740000000,0x0000000740ca6db0,0x0000000745580000)
 Metaspace       used 20895K, capacity 21087K, committed 21296K, reserved 1069056K
  class space    used 2040K, capacity 2112K, committed 2176K, reserved 1048576K
Event: 12.464 GC heap after
Heap after GC invocations=7 (full 1):
 PSYoungGen      total 43520K, used 0K [0x0000000795580000, 0x0000000798c00000, 0x00000007c0000000)
  eden space 32256K, 0% used [0x0000000795580000,0x0000000795580000,0x0000000797500000)
  from space 11264K, 0% used [0x0000000798080000,0x0000000798080000,0x0000000798b80000)
  to   space 11776K, 0% used [0x0000000797500000,0x0000000797500000,0x0000000798080000)
 ParOldGen       total 55808K, used 16514K [0x0000000740000000, 0x0000000743680000, 0x0000000795580000)
  object space 55808K, 29% used [0x0000000740000000,0x0000000741020938,0x0000000743680000)
 Metaspace       used 20895K, capacity 21087K, committed 21296K, reserved 1069056K
  class space    used 2040K, capacity 2112K, committed 2176K, reserved 1048576K
}
Event: 15.872 GC heap before
{Heap before GC invocations=8 (full 1):
 PSYoungGen      total 43520K, used 32256K [0x0000000795580000, 0x0000000798c00000, 0x00000007c0000000)
  eden space 32256K, 100% used [0x0000000795580000,0x0000000797500000,0x0000000797500000)
  from space 11264K, 0% used [0x0000000798080000,0x0000000798080000,0x0000000798b80000)
  to   space 11776K, 0% used [0x0000000797500000,0x0000000797500000,0x0000000798080000)
 ParOldGen       total 55808K, used 16514K [0x0000000740000000, 0x0000000743680000, 0x0000000795580000)
  object space 55808K, 29% used [0x0000000740000000,0x0000000741020938,0x0000000743680000)
 Metaspace       used 21082K, capacity 21279K, committed 21552K, reserved 1069056K
  class space    used 2041K, capacity 2112K, committed 2176K, reserved 1048576K
Event: 15.873 GC heap after
Heap after GC invocations=8 (full 1):
 PSYoungGen      total 43520K, used 160K [0x0000000795580000, 0x0000000798c80000, 0x00000007c0000000)
  eden space 31744K, 0% used [0x0000000795580000,0x0000000795580000,0x0000000797480000)
  from space 11776K, 1% used [0x0000000797500000,0x0000000797528000,0x0000000798080000)
  to   space 12288K, 0% used [0x0000000798080000,0x0000000798080000,0x0000000798c80000)
 ParOldGen       total 55808K, used 16522K [0x0000000740000000, 0x0000000743680000, 0x0000000795580000)
  object space 55808K, 29% used [0x0000000740000000,0x0000000741022938,0x0000000743680000)
 Metaspace       used 21082K, capacity 21279K, committed 21552K, reserved 1069056K
  class space    used 2041K, capacity 2112K, committed 2176K, reserved 1048576K
}

